<?xml version="1.0" encoding="UTF-8"?>
<!-- Generated by org.testng.reporters.JUnitReportReporter -->
<testsuite hostname="DESKTOP-0CV5JPI" failures="0" tests="7" name="testCases.ProjectRest" time="14.416" errors="0" timestamp="25 Apr 2022 10:45:05 GMT" skipped="0">
  <testcase classname="testCases.ProjectRest" name="verificationcode404" time="3.762"/>
  <testcase classname="testCases.ProjectRest" name="postMethod" time="2.293"/>
  <testcase classname="testCases.ProjectRest" name="putMethodWithjsonFile" time="1.344"/>
  <testcase classname="testCases.ProjectRest" name="deleteMethod" time="2.222"/>
  <testcase classname="testCases.ProjectRest" name="getGenericMethod" time="2.278"/>
  <testcase classname="testCases.ProjectRest" name="putMethod" time="1.251"/>
  <testcase classname="testCases.ProjectRest" name="postMethodWithjsonFile" time="1.266"/>
</testsuite> <!-- testCases.ProjectRest -->
